<?xml version="1.0" encoding="UTF-8"?>
<!-- Generated by org.testng.reporters.JUnitReportReporter -->
<testsuite hostname="DESKTOP-7A190HN" failures="0" tests="3" name="Basic.Java1" time="10.303" errors="0" timestamp="2023-01-18T16:25:11 IST" skipped="0">
  <testcase classname="Basic.Java1" name="addBook" time="9.499"/>
  <system-out/>
  <testcase classname="Basic.Java1" name="addBook" time="0.354"/>
  <system-out/>
  <testcase classname="Basic.Java1" name="addBook" time="0.450"/>
  <system-out/>
</testsuite> <!-- Basic.Java1 -->
