<?xml version="1.0" encoding="UTF-8"?>
<!-- Generated by org.testng.reporters.JUnitReportReporter -->
<testsuite hostname="DESKTOP-7A190HN" failures="0" tests="2" name="Assignment1.Tests.Test1" time="0.053" errors="0" timestamp="2022-11-10T17:41:44 IST" skipped="0">
  <testcase classname="Assignment1.Tests.Test1" name="m1" time="0.042"/>
  <system-out/>
  <testcase classname="Assignment1.Tests.Test1" name="m2" time="0.011"/>
  <system-out/>
</testsuite> <!-- Assignment1.Tests.Test1 -->
