<?xml version="1.0" encoding="UTF-8"?>
<!-- Generated by org.testng.reporters.JUnitReportReporter -->
<testsuite hostname="DESKTOP-7A190HN" failures="0" tests="2" name="Assignment1.Tests.WrongCredentialTest" time="49.962" errors="0" timestamp="2022-09-16T00:26:51 IST" skipped="0">
  <testcase classname="Assignment1.Tests.WrongCredentialTest" name="wrongCridential" time="35.020"/>
  <system-out/>
  <testcase classname="Assignment1.Tests.WrongCredentialTest" name="check" time="14.942"/>
  <system-out/>
</testsuite> <!-- Assignment1.Tests.WrongCredentialTest -->
