<?xml version="1.0" encoding="UTF-8"?>
<!-- Generated by org.testng.reporters.JUnitReportReporter -->
<testsuite hostname="DESKTOP-7A190HN" failures="0" tests="2" name="Test1.Math2" time="0.024" errors="0" timestamp="2022-09-09T15:00:36 IST" skipped="0">
  <testcase classname="Test1.Math2" name="m4" time="0.021"/>
  <system-out/>
  <testcase classname="Test1.Math2" name="m3" time="0.003"/>
  <system-out/>
</testsuite> <!-- Test1.Math2 -->
