<?xml version="1.0" encoding="UTF-8"?>
<!-- Generated by org.testng.reporters.JUnitReportReporter -->
<testsuite hostname="DESKTOP-7A190HN" failures="0" tests="3" name="Test1.Maths1" time="12.834" errors="0" timestamp="2022-09-08T10:14:52 IST" skipped="0">
  <testcase classname="Test1.Maths1" name="m1" time="2.561"/>
  <system-out/>
  <testcase classname="Test1.Maths1" name="m2" time="10.252"/>
  <system-out/>
  <testcase classname="Test1.Maths1" name="str" time="0.021"/>
  <system-out/>
</testsuite> <!-- Test1.Maths1 -->
