<?xml version="1.0" encoding="UTF-8"?>
<!-- Generated by org.testng.reporters.JUnitReportReporter -->
<testsuite hostname="DESKTOP-7A190HN" failures="0" tests="3" name="Test1.Math3" time="0.521" errors="0" timestamp="2022-08-29T02:48:14 IST" skipped="0">
  <testcase classname="Test1.Math3" name="m5" time="0.512"/>
  <system-out/>
  <testcase classname="Test1.Math3" name="m6" time="0.004"/>
  <system-out/>
  <testcase classname="Test1.Math3" name="m6" time="0.005"/>
  <system-out/>
</testsuite> <!-- Test1.Math3 -->
